<?xml version="1.0" encoding="UTF-8"?>
<testng-results ignored="0" total="1" passed="1" failed="0" skipped="0">
  <reporter-output>
  </reporter-output>
  <suite started-at="2022-10-18T16:21:20Z" name="Command line suite" finished-at="2022-10-18T16:21:57Z" duration-ms="37087">
    <groups>
    </groups>
    <test started-at="2022-10-18T16:21:20Z" name="Command line test" finished-at="2022-10-18T16:21:57Z" duration-ms="37087">
      <class name="com.qa.tests.Testone">
        <test-method signature="test()[pri:0, instance:com.qa.tests.Testone@6e4784bc]" started-at="2022-10-18T16:21:20Z" name="test" finished-at="2022-10-18T16:21:57Z" duration-ms="37041" status="PASS">
          <reporter-output>
          </reporter-output>
        </test-method> <!-- test -->
      </class> <!-- com.qa.tests.Testone -->
    </test> <!-- Command line test -->
  </suite> <!-- Command line suite -->
</testng-results>
